OMS_2/app/build/intermediates/manifest_merge_blame_file/debug/manifest-merger-blame-debug-report.txt
1<?xml version="1.0" encoding="utf-8"?>
2<manifest xmlns:android="http://schemas.android.com/apk/res/android"
3    package="com.example.oms_2"
4    android:versionCode="1"
5    android:versionName="1.0" >
6
7    <uses-sdk
8        android:minSdkVersion="16"
8-->src\main\AndroidManifest.xml
9        android:targetSdkVersion="30" />
9-->src\main\AndroidManifest.xml
10
11    <uses-permission android:name="android.permission.INTERNET" />
11-->src\main\AndroidManifest.xml:4:5-66
11-->src\main\AndroidManifest.xml:4:22-64
12
13    <application
13-->src\main\AndroidManifest.xml:6:5-27:19
14        android:allowBackup="true"
14-->src\main\AndroidManifest.xml:7:9-35
15        android:appComponentFactory="androidx.core.app.CoreComponentFactory"
15-->[androidx.core:core:1.6.0-alpha01] AndroidManifest.xml:24:18-86
16        android:debuggable="true"
17        android:icon="@mipmap/ic_launcher"
17-->src\main\AndroidManifest.xml:8:9-43
18        android:label="@string/app_name"
18-->src\main\AndroidManifest.xml:9:9-41
19        android:roundIcon="@mipmap/ic_launcher_round"
19-->src\main\AndroidManifest.xml:10:9-54
20        android:supportsRtl="true"
20-->src\main\AndroidManifest.xml:11:9-35
21        android:testOnly="true"
22        android:theme="@style/Theme.OMS_2" >
22-->src\main\AndroidManifest.xml:12:9-43
23        <activity android:name="com.example.oms_2.LoginPage" >
23-->src\main\AndroidManifest.xml:13:9-19:20
23-->src\main\AndroidManifest.xml:13:19-44
24            <intent-filter>
24-->src\main\AndroidManifest.xml:14:13-18:29
25                <action android:name="android.intent.action.MAIN" />
25-->src\main\AndroidManifest.xml:15:17-69
25-->src\main\AndroidManifest.xml:15:25-66
26
27                <category android:name="android.intent.category.LAUNCHER" />
27-->src\main\AndroidManifest.xml:17:17-77
27-->src\main\AndroidManifest.xml:17:27-74
28            </intent-filter>
29        </activity>
30        <activity android:name="com.example.oms_2.StudentLoggedIn" />
30-->src\main\AndroidManifest.xml:20:9-53
30-->src\main\AndroidManifest.xml:20:19-50
31        <activity android:name="com.example.oms_2.StudBiddingForm" />
31-->src\main\AndroidManifest.xml:21:9-53
31-->src\main\AndroidManifest.xml:21:19-50
32        <activity android:name="com.example.oms_2.StudViewCloseBids" />
32-->src\main\AndroidManifest.xml:22:9-55
32-->src\main\AndroidManifest.xml:22:19-52
33        <activity android:name="com.example.oms_2.StudViewOpenBids" />
33-->src\main\AndroidManifest.xml:23:9-54
33-->src\main\AndroidManifest.xml:23:19-51
34        <activity android:name="com.example.oms_2.TutorLoggedIn" />
34-->src\main\AndroidManifest.xml:24:9-51
34-->src\main\AndroidManifest.xml:24:19-48
35        <activity android:name="com.example.oms_2.TutorBidOpen" />
35-->src\main\AndroidManifest.xml:25:9-50
35-->src\main\AndroidManifest.xml:25:19-47
36        <activity android:name="com.example.oms_2.TutorBidClose" />
36-->src\main\AndroidManifest.xml:26:9-51
36-->src\main\AndroidManifest.xml:26:19-48
37    </application>
38
39</manifest>